Using pre-set license
Built from '2020.3/staging' branch; Version is '2020.3.45f1 (660cd1701bd5) revision 6687953'; Using compiler version '192528614'; Build Type 'Release'
OS: 'Windows 10  (10.0.19044) 64bit Professional' Language: 'en' Physical Memory: 24524 MB
BatchMode: 1, IsHumanControllingUs: 0, StartBugReporterOnCrash: 0, Is64bit: 1, IsPro: 0

COMMAND LINE ARGUMENTS:
E:\1_Programs\Unity\2020.3.45f1\Editor\Unity.exe
-adb2
-batchMode
-noUpm
-name
AssetImportWorker0
-projectPath
E:/Projects/BallRunner/BallRunner
-logFile
Logs/AssetImportWorker0.log
-srvPort
55889
Successfully changed project path to: E:/Projects/BallRunner/BallRunner
E:/Projects/BallRunner/BallRunner
Using Asset Import Pipeline V2.
Player connection [18488] Host "[IP] 192.168.1.27 [Port] 805523744 [Flags] 2 [Guid] 680806370 [EditorId] 680806370 [Version] 1048832 [Id] WindowsEditor(7,P) [Debug] 1 [PackageName] WindowsEditor [ProjectName] Editor" joined multi-casting on [225.0.0.222:54997]...

Player connection [18488] Host "[IP] 192.168.1.27 [Port] 805523744 [Flags] 2 [Guid] 680806370 [EditorId] 680806370 [Version] 1048832 [Id] WindowsEditor(7,P) [Debug] 1 [PackageName] WindowsEditor [ProjectName] Editor" joined alternative multi-casting on [225.0.0.222:34997]...

Refreshing native plugins compatible for Editor in 43.48 ms, found 3 plugins.
Preloading 0 native plugins for Editor in 0.00 ms.
Initialize engine version: 2020.3.45f1 (660cd1701bd5)
[Subsystems] Discovering subsystems at path E:/1_Programs/Unity/2020.3.45f1/Editor/Data/Resources/UnitySubsystems
[Subsystems] Discovering subsystems at path E:/Projects/BallRunner/BallRunner/Assets
GfxDevice: creating device client; threaded=0
Direct3D:
    Version:  Direct3D 11.0 [level 11.1]
    Renderer: NVIDIA GeForce GTX 960 (ID=0x1401)
    Vendor:   
    VRAM:     4053 MB
    Driver:   31.0.15.1694
Initialize mono
Mono path[0] = 'E:/1_Programs/Unity/2020.3.45f1/Editor/Data/Managed'
Mono path[1] = 'E:/1_Programs/Unity/2020.3.45f1/Editor/Data/MonoBleedingEdge/lib/mono/unityjit'
Mono config path = 'E:/1_Programs/Unity/2020.3.45f1/Editor/Data/MonoBleedingEdge/etc'
Using monoOptions --debugger-agent=transport=dt_socket,embedding=1,server=y,suspend=n,address=127.0.0.1:56476
Begin MonoManager ReloadAssembly
Registering precompiled unity dll's ...
Register platform support module: E:/1_Programs/Unity/2020.3.45f1/Editor/Data/PlaybackEngines/WindowsStandaloneSupport/UnityEditor.WindowsStandalone.Extensions.dll
Registered in 0.001305 seconds.
Native extension for WindowsStandalone target not found
Refreshing native plugins compatible for Editor in 41.40 ms, found 3 plugins.
Preloading 0 native plugins for Editor in 0.00 ms.
Mono: successfully reloaded assembly
- Completed reload, in  0.609 seconds
Domain Reload Profiling:
	ReloadAssembly (609ms)
		BeginReloadAssembly (64ms)
			ExecutionOrderSort (0ms)
			DisableScriptedObjects (0ms)
			BackupInstance (0ms)
			ReleaseScriptingObjects (0ms)
			CreateAndSetChildDomain (1ms)
		EndReloadAssembly (474ms)
			LoadAssemblies (63ms)
			RebuildTransferFunctionScriptingTraits (0ms)
			SetupTypeCache (148ms)
			ReleaseScriptCaches (0ms)
			RebuildScriptCaches (37ms)
			SetupLoadedEditorAssemblies (181ms)
				LogAssemblyErrors (0ms)
				InitializePlatformSupportModulesInManaged (4ms)
				SetLoadedEditorAssemblies (0ms)
				RefreshPlugins (41ms)
				BeforeProcessingInitializeOnLoad (14ms)
				ProcessInitializeOnLoadAttributes (91ms)
				ProcessInitializeOnLoadMethodAttributes (30ms)
				AfterProcessingInitializeOnLoad (0ms)
				EditorAssembliesLoaded (0ms)
			ExecutionOrderSort2 (0ms)
			AwakeInstancesAfterBackupRestoration (0ms)
Platform modules already initialized, skipping
Registering precompiled user dll's ...
Registered in 0.002652 seconds.
Begin MonoManager ReloadAssembly
Native extension for WindowsStandalone target not found
Refreshing native plugins compatible for Editor in 42.40 ms, found 3 plugins.
Preloading 0 native plugins for Editor in 0.00 ms.
Mono: successfully reloaded assembly
- Completed reload, in  1.232 seconds
Domain Reload Profiling:
	ReloadAssembly (1233ms)
		BeginReloadAssembly (148ms)
			ExecutionOrderSort (0ms)
			DisableScriptedObjects (6ms)
			BackupInstance (0ms)
			ReleaseScriptingObjects (0ms)
			CreateAndSetChildDomain (18ms)
		EndReloadAssembly (1025ms)
			LoadAssemblies (98ms)
			RebuildTransferFunctionScriptingTraits (0ms)
			SetupTypeCache (288ms)
			ReleaseScriptCaches (0ms)
			RebuildScriptCaches (64ms)
			SetupLoadedEditorAssemblies (459ms)
				LogAssemblyErrors (0ms)
				InitializePlatformSupportModulesInManaged (4ms)
				SetLoadedEditorAssemblies (0ms)
				RefreshPlugins (42ms)
				BeforeProcessingInitializeOnLoad (80ms)
				ProcessInitializeOnLoadAttributes (311ms)
				ProcessInitializeOnLoadMethodAttributes (19ms)
				AfterProcessingInitializeOnLoad (3ms)
				EditorAssembliesLoaded (0ms)
			ExecutionOrderSort2 (0ms)
			AwakeInstancesAfterBackupRestoration (2ms)
Platform modules already initialized, skipping
========================================================================
Worker process is ready to serve import requests
Launched and connected shader compiler UnityShaderCompiler.exe after 0.06 seconds
Refreshing native plugins compatible for Editor in 0.47 ms, found 3 plugins.
Preloading 0 native plugins for Editor in 0.00 ms.
Unloading 2014 Unused Serialized files (Serialized files now loaded: 0)
System memory in use before: 92.0 MB.
System memory in use after: 91.9 MB.

Unloading 31 unused Assets to reduce memory usage. Loaded Objects now: 2446.
Total: 3.314300 ms (FindLiveObjects: 0.193400 ms CreateObjectMapping: 0.046600 ms MarkObjects: 2.909200 ms  DeleteObjects: 0.163900 ms)

AssetImportParameters requested are different than current active one (requested -> active):
  custom:framework-win-MediaFoundation: 216162199b28c13a410421893ffa2e32 -> 
  custom:video-decoder-ogg-theora: a1e56fd34408186e4bbccfd4996cb3dc -> 
  custom:container-muxer-webm: aa71ff27fc2769a1b78a27578f13a17b -> 
  custom:container-demuxer-webm: 4f35f7cbe854078d1ac9338744f61a02 -> 
  custom:container-demuxer-ogg: 62fdf1f143b41e24485cea50d1cbac27 -> 
  custom:video-encoder-webm-vp8: eb34c28f22e8b96e1ab97ce403110664 -> 
  custom:video-decoder-webm-vp8: 9c59270c3fd7afecdb556c50c9e8de78 -> 
  custom:audio-decoder-ogg-vorbis: bf7c407c2cedff20999df2af8eb42d56 -> 
  custom:audio-encoder-webm-vorbis: bf7c407c2cedff20999df2af8eb42d56 -> 
========================================================================
Received Import Request.
  path: Assets/Textures/Wall.png
  artifactKey: Guid(472f49262dab81a42b63989c5405fb8e) Importer(815301076,1909f56bfc062723c751e8b465ee728b)
Start importing Assets/Textures/Wall.png using Guid(472f49262dab81a42b63989c5405fb8e) Importer(815301076,1909f56bfc062723c751e8b465ee728b)  -> (artifact id: '0660d789e6b95fdee9230ce73544d655') in 0.427515 seconds 
========================================================================
Received Import Request.
  Time since last request: 0.000217 seconds.
  path: Assets/Textures
  artifactKey: Guid(81b388be91299164fa3f2b872b125ee9) Importer(815301076,1909f56bfc062723c751e8b465ee728b)
Start importing Assets/Textures using Guid(81b388be91299164fa3f2b872b125ee9) Importer(815301076,1909f56bfc062723c751e8b465ee728b)  -> (artifact id: '26628da77b3ac02fa475173dd1cc1930') in 0.005241 seconds 
========================================================================
Received Import Request.
  Time since last request: 318.808112 seconds.
  path: Assets/Textures/Wall.png
  artifactKey: Guid(472f49262dab81a42b63989c5405fb8e) Importer(815301076,1909f56bfc062723c751e8b465ee728b)
Start importing Assets/Textures/Wall.png using Guid(472f49262dab81a42b63989c5405fb8e) Importer(815301076,1909f56bfc062723c751e8b465ee728b)  -> (artifact id: '2103858805f0267f9d6114aca098de2c') in 0.007600 seconds 
========================================================================
Received Import Request.
  Time since last request: 61.465182 seconds.
  path: Assets/Textures/Wall.png
  artifactKey: Guid(472f49262dab81a42b63989c5405fb8e) Importer(815301076,1909f56bfc062723c751e8b465ee728b)
Start importing Assets/Textures/Wall.png using Guid(472f49262dab81a42b63989c5405fb8e) Importer(815301076,1909f56bfc062723c751e8b465ee728b)  -> (artifact id: '7cf97d0774972633ed13c0a9a8a24ded') in 0.037319 seconds 
========================================================================
Received Import Request.
  Time since last request: 78.726289 seconds.
  path: Assets/Textures/Tilemap
  artifactKey: Guid(4a4b56fc4b58e684db4b61edc2b20fff) Importer(815301076,1909f56bfc062723c751e8b465ee728b)
Start importing Assets/Textures/Tilemap using Guid(4a4b56fc4b58e684db4b61edc2b20fff) Importer(815301076,1909f56bfc062723c751e8b465ee728b)  -> (artifact id: '635790b2e9c91329bdf25a15415e5bc6') in 0.006222 seconds 
AssetImportWorkerClient::OnTransportError - code=2 error=End of file
